Start testing: May 24 00:12 UTC
----------------------------------------------------------
1/1 Testing: TravelTests
1/1 Test: TravelTests
Command: "/workspaces/Travel-package-system-/build/tests"
Directory: /workspaces/Travel-package-system-/build
"TravelTests" start time: May 24 00:12 UTC
Output:
----------------------------------------------------------
Running tests...
Test 1 - Normal total cost... Flight added!
Hotel added!
PASSED
Test 2 - Empty package cost... PASSED
Test 3 - Multiple flights... Flight added!
Flight added!
PASSED
All tests passed!
<end of output>
Test time =   0.01 sec
----------------------------------------------------------
Test Passed.
"TravelTests" end time: May 24 00:12 UTC
"TravelTests" time elapsed: 00:00:00
----------------------------------------------------------

End testing: May 24 00:12 UTC
